\BOOKMARK [1][-]{section.1}{\376\377\000I\000n\000t\000r\000o\000d\000u\000c\000t\000i\000o\000n}{}% 1
\BOOKMARK [1][-]{section.2}{\376\377\000M\000a\000t\000h\000e\000m\000a\000t\000i\000c\000a\000l\000\040\000F\000o\000u\000n\000d\000a\000t\000i\000o\000n\000s\000\040\000a\000n\000d\000\040\000I\000n\000t\000u\000i\000t\000i\000v\000e\000\040\000U\000n\000d\000e\000r\000s\000t\000a\000n\000d\000i\000n\000g}{}% 2
\BOOKMARK [2][-]{subsection.2.1}{\376\377\000F\000r\000a\000c\000t\000i\000o\000n\000a\000l\000\040\000G\000a\000u\000s\000s\000i\000a\000n\000\040\000N\000o\000i\000s\000e\000\040\000\050\000f\000G\000n\000\051\000:\000\040\000T\000h\000e\000\040\000B\000u\000i\000l\000d\000i\000n\000g\000\040\000B\000l\000o\000c\000k}{section.2}% 3
\BOOKMARK [3][-]{subsubsection.2.1.1}{\376\377\000C\000o\000n\000c\000e\000p\000t\000u\000a\000l\000\040\000F\000o\000u\000n\000d\000a\000t\000i\000o\000n}{subsection.2.1}% 4
\BOOKMARK [3][-]{subsubsection.2.1.2}{\376\377\000M\000a\000t\000h\000e\000m\000a\000t\000i\000c\000a\000l\000\040\000D\000e\000f\000i\000n\000i\000t\000i\000o\000n}{subsection.2.1}% 5
\BOOKMARK [3][-]{subsubsection.2.1.3}{\376\377\000A\000s\000y\000m\000p\000t\000o\000t\000i\000c\000\040\000B\000e\000h\000a\000v\000i\000o\000r\000\040\000a\000n\000d\000\040\000P\000h\000y\000s\000i\000c\000a\000l\000\040\000I\000n\000t\000e\000r\000p\000r\000e\000t\000a\000t\000i\000o\000n}{subsection.2.1}% 6
\BOOKMARK [3][-]{subsubsection.2.1.4}{\376\377\000S\000p\000e\000c\000t\000r\000a\000l\000\040\000D\000e\000n\000s\000i\000t\000y\000\040\000a\000n\000d\000\040\000F\000r\000e\000q\000u\000e\000n\000c\000y\000\040\000D\000o\000m\000a\000i\000n\000\040\000I\000n\000t\000u\000i\000t\000i\000o\000n}{subsection.2.1}% 7
\BOOKMARK [3][-]{subsubsection.2.1.5}{\376\377\000K\000e\000y\000\040\000P\000r\000o\000p\000e\000r\000t\000i\000e\000s\000\040\000w\000i\000t\000h\000\040\000I\000n\000t\000u\000i\000t\000i\000v\000e\000\040\000E\000x\000p\000l\000a\000n\000a\000t\000i\000o\000n\000s}{subsection.2.1}% 8
\BOOKMARK [2][-]{subsection.2.2}{\376\377\000F\000r\000a\000c\000t\000i\000o\000n\000a\000l\000\040\000B\000r\000o\000w\000n\000i\000a\000n\000\040\000M\000o\000t\000i\000o\000n\000\040\000\050\000f\000B\000m\000\051\000:\000\040\000T\000h\000e\000\040\000I\000n\000t\000e\000g\000r\000a\000t\000e\000d\000\040\000P\000r\000o\000c\000e\000s\000s}{section.2}% 9
\BOOKMARK [3][-]{subsubsection.2.2.1}{\376\377\000F\000r\000o\000m\000\040\000N\000o\000i\000s\000e\000\040\000t\000o\000\040\000M\000o\000t\000i\000o\000n\000:\000\040\000T\000h\000e\000\040\000I\000n\000t\000e\000g\000r\000a\000t\000i\000o\000n\000\040\000P\000e\000r\000s\000p\000e\000c\000t\000i\000v\000e}{subsection.2.2}% 10
\BOOKMARK [3][-]{subsubsection.2.2.2}{\376\377\000S\000e\000l\000f\000-\000S\000i\000m\000i\000l\000a\000r\000i\000t\000y\000:\000\040\000T\000h\000e\000\040\000F\000r\000a\000c\000t\000a\000l\000\040\000N\000a\000t\000u\000r\000e}{subsection.2.2}% 11
\BOOKMARK [3][-]{subsubsection.2.2.3}{\376\377\000V\000a\000r\000i\000a\000n\000c\000e\000\040\000S\000c\000a\000l\000i\000n\000g\000\040\000a\000n\000d\000\040\000D\000i\000f\000f\000u\000s\000i\000o\000n}{subsection.2.2}% 12
\BOOKMARK [3][-]{subsubsection.2.2.4}{\376\377\000H\000\366\000l\000d\000e\000r\000\040\000C\000o\000n\000t\000i\000n\000u\000i\000t\000y\000\040\000a\000n\000d\000\040\000P\000a\000t\000h\000\040\000R\000e\000g\000u\000l\000a\000r\000i\000t\000y}{subsection.2.2}% 13
\BOOKMARK [3][-]{subsubsection.2.2.5}{\376\377\000I\000n\000c\000r\000e\000m\000e\000n\000t\000s\000\040\000a\000n\000d\000\040\000t\000h\000e\000\040\000C\000o\000n\000n\000e\000c\000t\000i\000o\000n\000\040\000t\000o\000\040\000f\000G\000n}{subsection.2.2}% 14
\BOOKMARK [2][-]{subsection.2.3}{\376\377\000T\000h\000e\000\040\000H\000u\000r\000s\000t\000\040\000P\000a\000r\000a\000m\000e\000t\000e\000r\000:\000\040\000A\000\040\000U\000n\000i\000f\000y\000i\000n\000g\000\040\000P\000e\000r\000s\000p\000e\000c\000t\000i\000v\000e}{section.2}% 15
\BOOKMARK [3][-]{subsubsection.2.3.1}{\376\377\000G\000e\000o\000m\000e\000t\000r\000i\000c\000\040\000I\000n\000t\000e\000r\000p\000r\000e\000t\000a\000t\000i\000o\000n}{subsection.2.3}% 16
\BOOKMARK [3][-]{subsubsection.2.3.2}{\376\377\000S\000c\000a\000l\000i\000n\000g\000\040\000L\000a\000w\000s\000\040\000a\000n\000d\000\040\000U\000n\000i\000v\000e\000r\000s\000a\000l\000\040\000B\000e\000h\000a\000v\000i\000o\000r}{subsection.2.3}% 17
\BOOKMARK [2][-]{subsection.2.4}{\376\377\000M\000a\000t\000h\000e\000m\000a\000t\000i\000c\000a\000l\000\040\000C\000o\000n\000n\000e\000c\000t\000i\000o\000n\000s\000\040\000a\000n\000d\000\040\000G\000e\000n\000e\000r\000a\000l\000i\000z\000a\000t\000i\000o\000n\000s}{section.2}% 18
\BOOKMARK [3][-]{subsubsection.2.4.1}{\376\377\000R\000e\000l\000a\000t\000i\000o\000n\000s\000h\000i\000p\000\040\000t\000o\000\040\000O\000t\000h\000e\000r\000\040\000S\000t\000o\000c\000h\000a\000s\000t\000i\000c\000\040\000P\000r\000o\000c\000e\000s\000s\000e\000s}{subsection.2.4}% 19
\BOOKMARK [3][-]{subsubsection.2.4.2}{\376\377\000S\000p\000e\000c\000t\000r\000a\000l\000\040\000R\000e\000p\000r\000e\000s\000e\000n\000t\000a\000t\000i\000o\000n}{subsection.2.4}% 20
\BOOKMARK [1][-]{section.3}{\376\377\000G\000e\000n\000e\000r\000a\000t\000i\000o\000n\000\040\000A\000l\000g\000o\000r\000i\000t\000h\000m\000s}{}% 21
\BOOKMARK [2][-]{subsection.3.1}{\376\377\000D\000a\000v\000i\000e\000s\000-\000H\000a\000r\000t\000e\000\040\000M\000e\000t\000h\000o\000d}{section.3}% 22
\BOOKMARK [3][-]{subsubsection.3.1.1}{\376\377\000A\000l\000g\000o\000r\000i\000t\000h\000m\000\040\000O\000v\000e\000r\000v\000i\000e\000w}{subsection.3.1}% 23
\BOOKMARK [3][-]{subsubsection.3.1.2}{\376\377\000I\000m\000p\000l\000e\000m\000e\000n\000t\000a\000t\000i\000o\000n\000\040\000D\000e\000t\000a\000i\000l\000s}{subsection.3.1}% 24
\BOOKMARK [2][-]{subsection.3.2}{\376\377\000F\000a\000l\000l\000b\000a\000c\000k\000:\000\040\000C\000h\000o\000l\000e\000s\000k\000y\000\040\000D\000e\000c\000o\000m\000p\000o\000s\000i\000t\000i\000o\000n}{section.3}% 25
\BOOKMARK [1][-]{section.4}{\376\377\000F\000a\000s\000t\000\040\000F\000o\000u\000r\000i\000e\000r\000\040\000T\000r\000a\000n\000s\000f\000o\000r\000m\000\040\000A\000n\000a\000l\000y\000s\000i\000s}{}% 26
\BOOKMARK [2][-]{subsection.4.1}{\376\377\000T\000h\000e\000o\000r\000e\000t\000i\000c\000a\000l\000\040\000F\000o\000u\000n\000d\000a\000t\000i\000o\000n}{section.4}% 27
\BOOKMARK [2][-]{subsection.4.2}{\376\377\000I\000m\000p\000l\000e\000m\000e\000n\000t\000a\000t\000i\000o\000n}{section.4}% 28
\BOOKMARK [1][-]{section.5}{\376\377\000W\000a\000v\000e\000l\000e\000t\000\040\000T\000r\000a\000n\000s\000f\000o\000r\000m\000\040\000A\000n\000a\000l\000y\000s\000i\000s}{}% 29
\BOOKMARK [2][-]{subsection.5.1}{\376\377\000M\000a\000t\000h\000e\000m\000a\000t\000i\000c\000a\000l\000\040\000F\000o\000u\000n\000d\000a\000t\000i\000o\000n}{section.5}% 30
\BOOKMARK [2][-]{subsection.5.2}{\376\377\000I\000m\000p\000l\000e\000m\000e\000n\000t\000a\000t\000i\000o\000n\000\040\000S\000t\000r\000a\000t\000e\000g\000y}{section.5}% 31
\BOOKMARK [1][-]{section.6}{\376\377\000V\000a\000l\000i\000d\000a\000t\000i\000o\000n\000\040\000a\000n\000d\000\040\000T\000e\000s\000t\000i\000n\000g}{}% 32
\BOOKMARK [2][-]{subsection.6.1}{\376\377\000R\000/\000S\000\040\000A\000n\000a\000l\000y\000s\000i\000s\000\040\000f\000o\000r\000\040\000H\000u\000r\000s\000t\000\040\000E\000x\000p\000o\000n\000e\000n\000t\000\040\000E\000s\000t\000i\000m\000a\000t\000i\000o\000n}{section.6}% 33
\BOOKMARK [2][-]{subsection.6.2}{\376\377\000I\000m\000p\000l\000e\000m\000e\000n\000t\000a\000t\000i\000o\000n\000\040\000o\000f\000\040\000R\000/\000S\000\040\000A\000n\000a\000l\000y\000s\000i\000s}{section.6}% 34
\BOOKMARK [2][-]{subsection.6.3}{\376\377\000T\000e\000s\000t\000\040\000S\000u\000i\000t\000e\000\040\000A\000r\000c\000h\000i\000t\000e\000c\000t\000u\000r\000e}{section.6}% 35
\BOOKMARK [1][-]{section.7}{\376\377\000N\000u\000m\000e\000r\000i\000c\000a\000l\000\040\000C\000o\000n\000s\000i\000d\000e\000r\000a\000t\000i\000o\000n\000s\000\040\000a\000n\000d\000\040\000O\000p\000t\000i\000m\000i\000z\000a\000t\000i\000o\000n\000s}{}% 36
\BOOKMARK [2][-]{subsection.7.1}{\376\377\000F\000l\000o\000a\000t\000i\000n\000g\000-\000P\000o\000i\000n\000t\000\040\000P\000r\000e\000c\000i\000s\000i\000o\000n}{section.7}% 37
\BOOKMARK [2][-]{subsection.7.2}{\376\377\000M\000e\000m\000o\000r\000y\000\040\000a\000n\000d\000\040\000C\000o\000m\000p\000u\000t\000a\000t\000i\000o\000n\000a\000l\000\040\000C\000o\000m\000p\000l\000e\000x\000i\000t\000y}{section.7}% 38
\BOOKMARK [1][-]{section.8}{\376\377\000E\000r\000r\000o\000r\000\040\000H\000a\000n\000d\000l\000i\000n\000g\000\040\000a\000n\000d\000\040\000R\000o\000b\000u\000s\000t\000n\000e\000s\000s}{}% 39
\BOOKMARK [2][-]{subsection.8.1}{\376\377\000I\000n\000p\000u\000t\000\040\000V\000a\000l\000i\000d\000a\000t\000i\000o\000n\000\040\000S\000t\000r\000a\000t\000e\000g\000y}{section.8}% 40
\BOOKMARK [2][-]{subsection.8.2}{\376\377\000G\000r\000a\000c\000e\000f\000u\000l\000\040\000D\000e\000g\000r\000a\000d\000a\000t\000i\000o\000n}{section.8}% 41
\BOOKMARK [1][-]{section.9}{\376\377\000P\000e\000r\000f\000o\000r\000m\000a\000n\000c\000e\000\040\000A\000n\000a\000l\000y\000s\000i\000s\000\040\000a\000n\000d\000\040\000B\000e\000n\000c\000h\000m\000a\000r\000k\000s}{}% 42
\BOOKMARK [2][-]{subsection.9.1}{\376\377\000A\000l\000g\000o\000r\000i\000t\000h\000m\000\040\000C\000o\000m\000p\000a\000r\000i\000s\000o\000n}{section.9}% 43
\BOOKMARK [2][-]{subsection.9.2}{\376\377\000S\000c\000a\000l\000i\000n\000g\000\040\000B\000e\000h\000a\000v\000i\000o\000r}{section.9}% 44
\BOOKMARK [1][-]{section.10}{\376\377\000A\000d\000v\000a\000n\000c\000e\000d\000\040\000A\000n\000a\000l\000y\000s\000i\000s\000\040\000F\000u\000n\000c\000t\000i\000o\000n\000s}{}% 45
\BOOKMARK [2][-]{subsection.10.1}{\376\377\000M\000u\000l\000t\000i\000p\000l\000e\000\040\000H\000u\000r\000s\000t\000\040\000E\000x\000p\000o\000n\000e\000n\000t\000\040\000E\000s\000t\000i\000m\000a\000t\000i\000o\000n\000\040\000M\000e\000t\000h\000o\000d\000s}{section.10}% 46
\BOOKMARK [3][-]{subsubsection.10.1.1}{\376\377\000D\000e\000t\000r\000e\000n\000d\000e\000d\000\040\000F\000l\000u\000c\000t\000u\000a\000t\000i\000o\000n\000\040\000A\000n\000a\000l\000y\000s\000i\000s\000\040\000\050\000D\000F\000A\000\051}{subsection.10.1}% 47
\BOOKMARK [3][-]{subsubsection.10.1.2}{\376\377\000W\000a\000v\000e\000l\000e\000t\000-\000B\000a\000s\000e\000d\000\040\000H\000u\000r\000s\000t\000\040\000E\000s\000t\000i\000m\000a\000t\000i\000o\000n}{subsection.10.1}% 48
\BOOKMARK [2][-]{subsection.10.2}{\376\377\000S\000t\000a\000t\000i\000s\000t\000i\000c\000a\000l\000\040\000V\000a\000l\000i\000d\000a\000t\000i\000o\000n\000\040\000F\000r\000a\000m\000e\000w\000o\000r\000k}{section.10}% 49
\BOOKMARK [3][-]{subsubsection.10.2.1}{\376\377\000N\000o\000r\000m\000a\000l\000i\000t\000y\000\040\000T\000e\000s\000t\000i\000n\000g}{subsection.10.2}% 50
\BOOKMARK [3][-]{subsubsection.10.2.2}{\376\377\000S\000t\000a\000t\000i\000o\000n\000a\000r\000i\000t\000y\000\040\000A\000n\000a\000l\000y\000s\000i\000s}{subsection.10.2}% 51
\BOOKMARK [3][-]{subsubsection.10.2.3}{\376\377\000C\000o\000n\000f\000i\000d\000e\000n\000c\000e\000\040\000I\000n\000t\000e\000r\000v\000a\000l\000s}{subsection.10.2}% 52
\BOOKMARK [1][-]{section.11}{\376\377\000V\000i\000s\000u\000a\000l\000i\000z\000a\000t\000i\000o\000n\000\040\000a\000n\000d\000\040\000P\000l\000o\000t\000t\000i\000n\000g\000\040\000F\000r\000a\000m\000e\000w\000o\000r\000k}{}% 53
\BOOKMARK [2][-]{subsection.11.1}{\376\377\000C\000o\000m\000p\000r\000e\000h\000e\000n\000s\000i\000v\000e\000\040\000P\000l\000o\000t\000t\000i\000n\000g\000\040\000S\000u\000i\000t\000e}{section.11}% 54
\BOOKMARK [3][-]{subsubsection.11.1.1}{\376\377\000M\000u\000l\000t\000i\000-\000P\000a\000n\000e\000l\000\040\000S\000u\000m\000m\000a\000r\000y\000\040\000P\000l\000o\000t\000s}{subsection.11.1}% 55
\BOOKMARK [3][-]{subsubsection.11.1.2}{\376\377\000H\000u\000r\000s\000t\000\040\000P\000a\000r\000a\000m\000e\000t\000e\000r\000\040\000C\000o\000m\000p\000a\000r\000i\000s\000o\000n}{subsection.11.1}% 56
\BOOKMARK [2][-]{subsection.11.2}{\376\377\000R\000/\000S\000\040\000A\000n\000a\000l\000y\000s\000i\000s\000\040\000V\000i\000s\000u\000a\000l\000i\000z\000a\000t\000i\000o\000n}{section.11}% 57
\BOOKMARK [1][-]{section.12}{\376\377\000P\000e\000r\000f\000o\000r\000m\000a\000n\000c\000e\000\040\000A\000n\000a\000l\000y\000s\000i\000s\000\040\000a\000n\000d\000\040\000B\000e\000n\000c\000h\000m\000a\000r\000k\000i\000n\000g}{}% 58
\BOOKMARK [2][-]{subsection.12.1}{\376\377\000C\000o\000m\000p\000r\000e\000h\000e\000n\000s\000i\000v\000e\000\040\000B\000e\000n\000c\000h\000m\000a\000r\000k\000i\000n\000g\000\040\000F\000r\000a\000m\000e\000w\000o\000r\000k}{section.12}% 59
\BOOKMARK [2][-]{subsection.12.2}{\376\377\000A\000l\000g\000o\000r\000i\000t\000h\000m\000\040\000V\000a\000l\000i\000d\000a\000t\000i\000o\000n\000\040\000S\000u\000i\000t\000e}{section.12}% 60
\BOOKMARK [1][-]{section.13}{\376\377\000U\000t\000i\000l\000i\000t\000y\000\040\000F\000u\000n\000c\000t\000i\000o\000n\000s\000\040\000a\000n\000d\000\040\000D\000a\000t\000a\000\040\000M\000a\000n\000a\000g\000e\000m\000e\000n\000t}{}% 61
\BOOKMARK [2][-]{subsection.13.1}{\376\377\000T\000e\000s\000t\000\040\000D\000a\000t\000a\000s\000e\000t\000\040\000G\000e\000n\000e\000r\000a\000t\000i\000o\000n}{section.13}% 62
\BOOKMARK [2][-]{subsection.13.2}{\376\377\000C\000o\000m\000p\000r\000e\000h\000e\000n\000s\000i\000v\000e\000\040\000R\000e\000p\000o\000r\000t\000i\000n\000g\000\040\000S\000y\000s\000t\000e\000m}{section.13}% 63
\BOOKMARK [2][-]{subsection.13.3}{\376\377\000M\000e\000m\000o\000r\000y\000\040\000P\000r\000o\000f\000i\000l\000i\000n\000g\000\040\000a\000n\000d\000\040\000O\000p\000t\000i\000m\000i\000z\000a\000t\000i\000o\000n}{section.13}% 64
\BOOKMARK [1][-]{section.14}{\376\377\000E\000x\000t\000e\000n\000d\000e\000d\000\040\000M\000a\000t\000h\000e\000m\000a\000t\000i\000c\000a\000l\000\040\000F\000r\000a\000m\000e\000w\000o\000r\000k}{}% 65
\BOOKMARK [2][-]{subsection.14.1}{\376\377\000C\000o\000m\000p\000a\000r\000i\000s\000o\000n\000\040\000A\000n\000a\000l\000y\000s\000i\000s\000\040\000T\000h\000e\000o\000r\000y}{section.14}% 66
\BOOKMARK [3][-]{subsubsection.14.1.1}{\376\377\000D\000i\000s\000t\000r\000i\000b\000u\000t\000i\000o\000n\000\040\000O\000v\000e\000r\000l\000a\000p\000\040\000C\000o\000e\000f\000f\000i\000c\000i\000e\000n\000t}{subsection.14.1}% 67
\BOOKMARK [3][-]{subsubsection.14.1.2}{\376\377\000H\000u\000r\000s\000t\000\040\000E\000x\000p\000o\000n\000e\000n\000t\000\040\000D\000i\000f\000f\000e\000r\000e\000n\000c\000e\000\040\000T\000e\000s\000t\000i\000n\000g}{subsection.14.1}% 68
\BOOKMARK [2][-]{subsection.14.2}{\376\377\000A\000d\000v\000a\000n\000c\000e\000d\000\040\000S\000p\000e\000c\000t\000r\000a\000l\000\040\000A\000n\000a\000l\000y\000s\000i\000s}{section.14}% 69
\BOOKMARK [1][-]{section.15}{\376\377\000S\000o\000f\000t\000w\000a\000r\000e\000\040\000E\000n\000g\000i\000n\000e\000e\000r\000i\000n\000g\000\040\000a\000n\000d\000\040\000Q\000u\000a\000l\000i\000t\000y\000\040\000A\000s\000s\000u\000r\000a\000n\000c\000e}{}% 70
\BOOKMARK [2][-]{subsection.15.1}{\376\377\000T\000e\000s\000t\000i\000n\000g\000\040\000A\000r\000c\000h\000i\000t\000e\000c\000t\000u\000r\000e}{section.15}% 71
\BOOKMARK [2][-]{subsection.15.2}{\376\377\000E\000r\000r\000o\000r\000\040\000H\000a\000n\000d\000l\000i\000n\000g\000\040\000S\000t\000r\000a\000t\000e\000g\000y}{section.15}% 72
\BOOKMARK [2][-]{subsection.15.3}{\376\377\000C\000o\000d\000e\000\040\000Q\000u\000a\000l\000i\000t\000y\000\040\000M\000e\000t\000r\000i\000c\000s}{section.15}% 73
\BOOKMARK [1][-]{section.16}{\376\377\000C\000o\000n\000c\000l\000u\000s\000i\000o\000n\000\040\000a\000n\000d\000\040\000F\000u\000t\000u\000r\000e\000\040\000D\000i\000r\000e\000c\000t\000i\000o\000n\000s}{}% 74
\BOOKMARK [1][-]{section.17}{\376\377\000R\000e\000f\000e\000r\000e\000n\000c\000e\000s}{}% 75
